<?xml version="1.0" encoding="UTF-8"?>
<!-- Generated by org.testng.reporters.JUnitReportReporter -->
<testsuite skipped="1" hostname="LAPTOP-OI625VM6" name="com.TestNGProject.DemoA" tests="6" failures="0" timestamp="2022-12-06T21:42:52 IST" time="0.032" errors="0">
  <testcase name="stuId" time="0.000" classname="com.TestNGProject.DemoA"/>
  <system-out/>
  <testcase name="stuId" time="0.016" classname="com.TestNGProject.DemoA"/>
  <system-out/>
  <testcase name="stuId" time="0.000" classname="com.TestNGProject.DemoA"/>
  <system-out/>
  <testcase name="stuId" time="0.000" classname="com.TestNGProject.DemoA"/>
  <system-out/>
  <testcase name="StuName" time="0.016" classname="com.TestNGProject.DemoA"/>
  <system-out/>
  <testcase name="stuAddress" classname="com.TestNGProject.DemoA">
    <skipped/>
  </testcase> <!-- stuAddress -->
  <system-out/>
</testsuite> <!-- com.TestNGProject.DemoA -->
