<?xml version="1.0" encoding="UTF-8"?>
<!-- Generated by org.testng.reporters.JUnitReportReporter -->
<testsuite skipped="0" hostname="LAPTOP-OI625VM6" name="com.TestNGProject.TestA" tests="2" failures="0" timestamp="2022-12-08T12:01:05 IST" time="0.016" errors="0">
  <testcase name="userName" time="0.000" classname="com.TestNGProject.TestA"/>
  <system-out/>
  <testcase name="Password" time="0.016" classname="com.TestNGProject.TestA"/>
  <system-out/>
</testsuite> <!-- com.TestNGProject.TestA -->
