<?xml version="1.0" encoding="UTF-8"?>
<!-- Generated by org.testng.reporters.JUnitReportReporter -->
<testsuite skipped="0" hostname="LAPTOP-OI625VM6" name="com.TestNGProject.ParallelDemo" tests="2" failures="0" timestamp="2022-12-09T11:58:43 IST" time="12.706" errors="0">
  <testcase name="chromeB" time="6.470" classname="com.TestNGProject.ParallelDemo"/>
  <system-out/>
  <testcase name="chromeA" time="6.236" classname="com.TestNGProject.ParallelDemo"/>
  <system-out/>
</testsuite> <!-- com.TestNGProject.ParallelDemo -->
