<?xml version="1.0" encoding="UTF-8"?>
<!-- Generated by org.testng.reporters.JUnitReportReporter -->
<testsuite skipped="0" hostname="LAPTOP-OI625VM6" name="com.TestNGProject.DataDemo" tests="3" failures="0" timestamp="2022-12-26T15:52:38 IST" time="0.010" errors="0">
  <testcase name="userData" time="0.000" classname="com.TestNGProject.DataDemo"/>
  <system-out/>
  <testcase name="userData" time="0.010" classname="com.TestNGProject.DataDemo"/>
  <system-out/>
  <testcase name="userData" time="0.000" classname="com.TestNGProject.DataDemo"/>
  <system-out/>
</testsuite> <!-- com.TestNGProject.DataDemo -->
