<?xml version="1.0" encoding="UTF-8"?>
<!-- Generated by org.testng.reporters.JUnitReportReporter -->
<testsuite skipped="0" hostname="LAPTOP-OI625VM6" name="com.TestNGProject.DemoB" tests="3" failures="0" timestamp="2022-12-07T20:05:56 IST" time="0.007" errors="0">
  <testcase name="enterUrl" time="0.000" classname="com.TestNGProject.DemoB"/>
  <system-out/>
  <testcase name="openTheBrowser" time="0.007" classname="com.TestNGProject.DemoB"/>
  <system-out/>
  <testcase name="searchPage" time="0.000" classname="com.TestNGProject.DemoB"/>
  <system-out/>
</testsuite> <!-- com.TestNGProject.DemoB -->
