<?xml version="1.0" encoding="UTF-8"?>
<!-- Generated by org.testng.reporters.JUnitReportReporter -->
<testsuite skipped="0" hostname="LAPTOP-OI625VM6" name="com.TestNGProject.DemoD" tests="2" failures="0" timestamp="2022-12-08T11:50:51 IST" time="0.002" errors="0">
  <testcase name="userName" time="0.002" classname="com.TestNGProject.DemoD"/>
  <system-out/>
  <testcase name="Password" time="0.000" classname="com.TestNGProject.DemoD"/>
  <system-out/>
</testsuite> <!-- com.TestNGProject.DemoD -->
