<?xml version="1.0" encoding="UTF-8"?>
<!-- Generated by org.testng.reporters.JUnitReportReporter -->
<testsuite skipped="0" hostname="LAPTOP-OI625VM6" name="com.TestNGProject.DemoE" tests="1" failures="0" timestamp="2022-12-08T12:05:20 IST" time="0.002" errors="0">
  <testcase name="openBrowser" time="0.002" classname="com.TestNGProject.DemoE"/>
  <system-out/>
</testsuite> <!-- com.TestNGProject.DemoE -->
