<?xml version="1.0" encoding="UTF-8"?>
<!-- Generated by org.testng.reporters.JUnitReportReporter -->
<testsuite skipped="0" hostname="LAPTOP-OI625VM6" name="com.TestNGProject.DemoC" tests="9" failures="0" timestamp="2022-12-08T11:28:58 IST" time="0.021" errors="0">
  <testcase name="TeamBA" time="0.001" classname="com.TestNGProject.DemoC"/>
  <system-out/>
  <testcase name="TeamB" time="0.002" classname="com.TestNGProject.DemoC"/>
  <system-out/>
  <testcase name="TeamAC" time="0.002" classname="com.TestNGProject.DemoC"/>
  <system-out/>
  <testcase name="TeamBB" time="0.000" classname="com.TestNGProject.DemoC"/>
  <system-out/>
  <testcase name="TeamAA" time="0.001" classname="com.TestNGProject.DemoC"/>
  <system-out/>
  <testcase name="TeamBC" time="0.001" classname="com.TestNGProject.DemoC"/>
  <system-out/>
  <testcase name="TeamA" time="0.011" classname="com.TestNGProject.DemoC"/>
  <system-out/>
  <testcase name="TeamBD" time="0.002" classname="com.TestNGProject.DemoC"/>
  <system-out/>
  <testcase name="TeamAB" time="0.001" classname="com.TestNGProject.DemoC"/>
  <system-out/>
</testsuite> <!-- com.TestNGProject.DemoC -->
