<?xml version="1.0" encoding="UTF-8"?>
<!-- Generated by org.testng.reporters.JUnitReportReporter -->
<testsuite skipped="0" hostname="LAPTOP-OI625VM6" name="com.TestNGProject.SampleRetry" tests="2" failures="0" timestamp="2022-12-09T12:12:21 IST" time="0.000" errors="0">
  <testcase name="SampleTestB" time="0.000" classname="com.TestNGProject.SampleRetry"/>
  <system-out/>
  <testcase name="SampleTestA" time="0.000" classname="com.TestNGProject.SampleRetry"/>
  <system-out/>
</testsuite> <!-- com.TestNGProject.SampleRetry -->
